<?xml version="1.0" encoding="UTF-8"?>
<!-- Generated by org.testng.reporters.JUnitReportReporter -->
<testsuite hostname="DESKTOP-EVVE8QT" failures="0" tests="2" name="data_drivenTest.Data_DrivenTest" time="80.171" errors="0" timestamp="2022-04-06T11:41:39 IST" skipped="0">
  <testcase classname="data_drivenTest.Data_DrivenTest" name="dataDriven" time="49.203"/>
  <system-out/>
  <testcase classname="data_drivenTest.Data_DrivenTest" name="dataDriven" time="30.968"/>
  <system-out/>
</testsuite> <!-- data_drivenTest.Data_DrivenTest -->
